# JRE version: Java(TM) SE Runtime Environment 18.9 (11.0.9+7) (build 11.0.9+7-LTS)
# Java VM: Java HotSpot(TM) 64-Bit Server VM 18.9 (11.0.9+7-LTS, mixed mode, tiered, compressed oops, g1 gc, windows-amd64)
Heap:
 garbage-first heap   total 158720K, used 73575K [0x0000000081600000, 0x0000000100000000)
  region size 1024K, 68 young (69632K), 9 survivors (9216K)
 Metaspace       used 37340K, capacity 38409K, committed 38576K, reserved 1083392K
  class space    used 4312K, capacity 4750K, committed 4864K, reserved 1048576K
GC Heap History (10 events):
Event: 3.286 GC heap before
{Heap before GC invocations=2 (full 0):
 garbage-first heap   total 131072K, used 34398K [0x0000000081600000, 0x0000000100000000)
  region size 1024K, 28 young (28672K), 1 survivors (1024K)
 Metaspace       used 17545K, capacity 18046K, committed 18304K, reserved 1064960K
  class space    used 1884K, capacity 2072K, committed 2176K, reserved 1048576K
}
Event: 3.333 GC heap after
{Heap after GC invocations=3 (full 0):
 garbage-first heap   total 131072K, used 8114K [0x0000000081600000, 0x0000000100000000)
  region size 1024K, 2 young (2048K), 2 survivors (2048K)
 Metaspace       used 17545K, capacity 18046K, committed 18304K, reserved 1064960K
  class space    used 1884K, capacity 2072K, committed 2176K, reserved 1048576K
}
Event: 3.807 GC heap before
{Heap before GC invocations=3 (full 0):
 garbage-first heap   total 131072K, used 22450K [0x0000000081600000, 0x0000000100000000)
  region size 1024K, 18 young (18432K), 2 survivors (2048K)
 Metaspace       used 20596K, capacity 21158K, committed 21296K, reserved 1069056K
  class space    used 2202K, capacity 2407K, committed 2432K, reserved 1048576K
}
Event: 3.812 GC heap after
{Heap after GC invocations=4 (full 0):
 garbage-first heap   total 131072K, used 8599K [0x0000000081600000, 0x0000000100000000)
  region size 1024K, 3 young (3072K), 3 survivors (3072K)
 Metaspace       used 20596K, capacity 21158K, committed 21296K, reserved 1069056K
  class space    used 2202K, capacity 2407K, committed 2432K, reserved 1048576K
}
Event: 4.567 GC heap before
{Heap before GC invocations=5 (full 0):
 garbage-first heap   total 131072K, used 49559K [0x0000000081600000, 0x0000000100000000)
  region size 1024K, 44 young (45056K), 3 survivors (3072K)
 Metaspace       used 24136K, capacity 24725K, committed 24880K, reserved 1071104K
  class space    used 2685K, capacity 2896K, committed 2944K, reserved 1048576K
}
Event: 4.577 GC heap after
{Heap after GC invocations=6 (full 0):
 garbage-first heap   total 131072K, used 9754K [0x0000000081600000, 0x0000000100000000)
  region size 1024K, 4 young (4096K), 4 survivors (4096K)
 Metaspace       used 24136K, capacity 24725K, committed 24880K, reserved 1071104K
  class space    used 2685K, capacity 2896K, committed 2944K, reserved 1048576K
}
Event: 5.892 GC heap before
{Heap before GC invocations=6 (full 0):
 garbage-first heap   total 131072K, used 71194K [0x0000000081600000, 0x0000000100000000)
  region size 1024K, 65 young (66560K), 4 survivors (4096K)
 Metaspace       used 27543K, capacity 28234K, committed 28464K, reserved 1075200K
  class space    used 3099K, capacity 3395K, committed 3456K, reserved 1048576K
}
Event: 5.902 GC heap after
{Heap after GC invocations=7 (full 0):
 garbage-first heap   total 131072K, used 11264K [0x0000000081600000, 0x0000000100000000)
  region size 1024K, 5 young (5120K), 5 survivors (5120K)
 Metaspace       used 27543K, capacity 28234K, committed 28464K, reserved 1075200K
  class space    used 3099K, capacity 3395K, committed 3456K, reserved 1048576K
}
Event: 8.396 GC heap before
{Heap before GC invocations=7 (full 0):
 garbage-first heap   total 131072K, used 70656K [0x0000000081600000, 0x0000000100000000)
  region size 1024K, 64 young (65536K), 5 survivors (5120K)
 Metaspace       used 34574K, capacity 35599K, committed 35632K, reserved 1081344K
  class space    used 4011K, capacity 4453K, committed 4480K, reserved 1048576K
}
Event: 8.417 GC heap after
{Heap after GC invocations=8 (full 0):
 garbage-first heap   total 158720K, used 15207K [0x0000000081600000, 0x0000000100000000)
  region size 1024K, 9 young (9216K), 9 survivors (9216K)
 Metaspace       used 34574K, capacity 35599K, committed 35632K, reserved 1081344K
  class space    used 4011K, capacity 4453K, committed 4480K, reserved 1048576K
}

