# JRE version: OpenJDK Runtime Environment (15.0.2+7) (build 15.0.2+7-27)
# Java VM: OpenJDK 64-Bit Server VM (15.0.2+7-27, mixed mode, sharing, tiered, compressed oops, g1 gc, windows-amd64)
GC Precious Log:
 CPUs: 4 total, 4 available
 Memory: 8103M
 Large Page Support: Disabled
 NUMA Support: Disabled
 Compressed Oops: Enabled (32-bit)
 Heap Region Size: 1M
 Heap Min Capacity: 8M
 Heap Initial Capacity: 128M
 Heap Max Capacity: 2026M
 Pre-touch: Disabled
 Parallel Workers: 4
 Concurrent Workers: 1
 Concurrent Refinement Workers: 4
 Periodic GC: Disabled
Heap:
 garbage-first heap   total 61440K, used 16898K [0x0000000081600000, 0x0000000100000000)
  region size 1024K, 3 young (3072K), 3 survivors (3072K)
 Metaspace       used 30158K, capacity 30489K, committed 30640K, reserved 1089536K
  class space    used 3868K, capacity 4009K, committed 4096K, reserved 1048576K
GC Heap History (18 events):
Event: 1.681 GC heap before
{Heap before GC invocations=0 (full 0):
 garbage-first heap   total 131072K, used 13312K [0x0000000081600000, 0x0000000100000000)
  region size 1024K, 13 young (13312K), 0 survivors (0K)
 Metaspace       used 5408K, capacity 5581K, committed 5888K, reserved 1056768K
  class space    used 630K, capacity 702K, committed 768K, reserved 1048576K
}
Event: 1.696 GC heap after
{Heap after GC invocations=1 (full 0):
 garbage-first heap   total 131072K, used 6411K [0x0000000081600000, 0x0000000100000000)
  region size 1024K, 2 young (2048K), 2 survivors (2048K)
 Metaspace       used 5408K, capacity 5581K, committed 5888K, reserved 1056768K
  class space    used 630K, capacity 702K, committed 768K, reserved 1048576K
}
Event: 2.032 GC heap before
{Heap before GC invocations=1 (full 0):
 garbage-first heap   total 131072K, used 12555K [0x0000000081600000, 0x0000000100000000)
  region size 1024K, 9 young (9216K), 2 survivors (2048K)
 Metaspace       used 6841K, capacity 7082K, committed 7424K, reserved 1056768K
  class space    used 822K, capacity 905K, committed 1024K, reserved 1048576K
}
Event: 2.037 GC heap after
{Heap after GC invocations=2 (full 0):
 garbage-first heap   total 131072K, used 7382K [0x0000000081600000, 0x0000000100000000)
  region size 1024K, 1 young (1024K), 1 survivors (1024K)
 Metaspace       used 6841K, capacity 7082K, committed 7424K, reserved 1056768K
  class space    used 822K, capacity 905K, committed 1024K, reserved 1048576K
}
Event: 2.837 GC heap before
{Heap before GC invocations=2 (full 0):
 garbage-first heap   total 131072K, used 26838K [0x0000000081600000, 0x0000000100000000)
  region size 1024K, 21 young (21504K), 1 survivors (1024K)
 Metaspace       used 11528K, capacity 11830K, committed 12160K, reserved 1060864K
  class space    used 1482K, capacity 1566K, committed 1664K, reserved 1048576K
}
Event: 2.842 GC heap after
{Heap after GC invocations=3 (full 0):
 garbage-first heap   total 131072K, used 8798K [0x0000000081600000, 0x0000000100000000)
  region size 1024K, 3 young (3072K), 3 survivors (3072K)
 Metaspace       used 11528K, capacity 11830K, committed 12160K, reserved 1060864K
  class space    used 1482K, capacity 1566K, committed 1664K, reserved 1048576K
}
Event: 4.482 GC heap before
{Heap before GC invocations=3 (full 0):
 garbage-first heap   total 131072K, used 81502K [0x0000000081600000, 0x0000000100000000)
  region size 1024K, 75 young (76800K), 3 survivors (3072K)
 Metaspace       used 16588K, capacity 16937K, committed 17152K, reserved 1064960K
  class space    used 2150K, capacity 2279K, committed 2304K, reserved 1048576K
}
Event: 4.494 GC heap after
{Heap after GC invocations=4 (full 0):
 garbage-first heap   total 131072K, used 10750K [0x0000000081600000, 0x0000000100000000)
  region size 1024K, 4 young (4096K), 4 survivors (4096K)
 Metaspace       used 16588K, capacity 16937K, committed 17152K, reserved 1064960K
  class space    used 2150K, capacity 2279K, committed 2304K, reserved 1048576K
}
Event: 5.667 GC heap before
{Heap before GC invocations=4 (full 0):
 garbage-first heap   total 131072K, used 35326K [0x0000000081600000, 0x0000000100000000)
  region size 1024K, 29 young (29696K), 4 survivors (4096K)
 Metaspace       used 20820K, capacity 21196K, committed 21296K, reserved 1067008K
  class space    used 2778K, capacity 2942K, committed 2944K, reserved 1048576K
}
Event: 5.681 GC heap after
{Heap after GC invocations=5 (full 0):
 garbage-first heap   total 131072K, used 12798K [0x0000000081600000, 0x0000000100000000)
  region size 1024K, 6 young (6144K), 6 survivors (6144K)
 Metaspace       used 20820K, capacity 21196K, committed 21296K, reserved 1067008K
  class space    used 2778K, capacity 2942K, committed 2944K, reserved 1048576K
}
Event: 6.110 GC heap before
{Heap before GC invocations=6 (full 0):
 garbage-first heap   total 48128K, used 46590K [0x0000000081600000, 0x0000000100000000)
  region size 1024K, 40 young (40960K), 6 survivors (6144K)
 Metaspace       used 22911K, capacity 23317K, committed 23728K, reserved 1069056K
  class space    used 3037K, capacity 3201K, committed 3328K, reserved 1048576K
}
Event: 6.132 GC heap after
{Heap after GC invocations=7 (full 0):
 garbage-first heap   total 56320K, used 14235K [0x0000000081600000, 0x0000000100000000)
  region size 1024K, 6 young (6144K), 6 survivors (6144K)
 Metaspace       used 22911K, capacity 23317K, committed 23728K, reserved 1069056K
  class space    used 3037K, capacity 3201K, committed 3328K, reserved 1048576K
}
Event: 6.389 GC heap before
{Heap before GC invocations=7 (full 0):
 garbage-first heap   total 56320K, used 39835K [0x0000000081600000, 0x0000000100000000)
  region size 1024K, 32 young (32768K), 6 survivors (6144K)
 Metaspace       used 23949K, capacity 24315K, committed 24496K, reserved 1071104K
  class space    used 3151K, capacity 3299K, committed 3328K, reserved 1048576K
}
Event: 6.404 GC heap after
{Heap after GC invocations=8 (full 0):
 garbage-first heap   total 67584K, used 15219K [0x0000000081600000, 0x0000000100000000)
  region size 1024K, 3 young (3072K), 3 survivors (3072K)
 Metaspace       used 23949K, capacity 24315K, committed 24496K, reserved 1071104K
  class space    used 3151K, capacity 3299K, committed 3328K, reserved 1048576K
}
Event: 7.467 GC heap before
{Heap before GC invocations=8 (full 0):
 garbage-first heap   total 67584K, used 35699K [0x0000000081600000, 0x0000000100000000)
  region size 1024K, 25 young (25600K), 3 survivors (3072K)
 Metaspace       used 29509K, capacity 29817K, committed 30000K, reserved 1081344K
  class space    used 3731K, capacity 3849K, committed 3968K, reserved 1048576K
}
Event: 7.475 GC heap after
{Heap after GC invocations=9 (full 0):
 garbage-first heap   total 67584K, used 16673K [0x0000000081600000, 0x0000000100000000)
  region size 1024K, 4 young (4096K), 4 survivors (4096K)
 Metaspace       used 29509K, capacity 29817K, committed 30000K, reserved 1081344K
  class space    used 3731K, capacity 3849K, committed 3968K, reserved 1048576K
}
Event: 7.599 GC heap before
{Heap before GC invocations=10 (full 0):
 garbage-first heap   total 61440K, used 18721K [0x0000000081600000, 0x0000000100000000)
  region size 1024K, 7 young (7168K), 4 survivors (4096K)
 Metaspace       used 30158K, capacity 30489K, committed 30640K, reserved 1087488K
  class space    used 3868K, capacity 4009K, committed 4096K, reserved 1048576K
}
Event: 7.605 GC heap after
{Heap after GC invocations=11 (full 0):
 garbage-first heap   total 61440K, used 16898K [0x0000000081600000, 0x0000000100000000)
  region size 1024K, 3 young (3072K), 3 survivors (3072K)
 Metaspace       used 30158K, capacity 30489K, committed 30640K, reserved 1087488K
  class space    used 3868K, capacity 4009K, committed 4096K, reserved 1048576K
}

